<?xml version="1.0" encoding="UTF-8"?>
<!-- Generated by org.testng.reporters.JUnitReportReporter -->
<testsuite hostname="DESKTOP-QVM6J4J" failures="0" tests="2" name="com.Test.Test_001" time="31.092" errors="0" timestamp="2022-03-22T10:47:56 IST" skipped="0">
  <testcase classname="com.Test.Test_001" name="verify_001" time="24.008"/>
  <system-out/>
  <testcase classname="com.Test.Test_001" name="verify_001" time="7.084"/>
  <system-out/>
</testsuite> <!-- com.Test.Test_001 -->
